0 info it worked if it ends with ok
1 verbose cli [ '/usr/bin/node', '/usr/bin/npm', 'install', '-g', 'less' ]
2 info using npm@1.4.28
3 info using node@v0.10.37
4 verbose node symlink /usr/bin/node
5 verbose cache add [ 'less', null ]
6 verbose cache add name=undefined spec="less" args=["less",null]
7 verbose parsed url { protocol: null,
7 verbose parsed url   slashes: null,
7 verbose parsed url   auth: null,
7 verbose parsed url   host: null,
7 verbose parsed url   port: null,
7 verbose parsed url   hostname: null,
7 verbose parsed url   hash: null,
7 verbose parsed url   search: null,
7 verbose parsed url   query: null,
7 verbose parsed url   pathname: 'less',
7 verbose parsed url   path: 'less',
7 verbose parsed url   href: 'less' }
8 silly lockFile 0b439cf4-less less
9 verbose lock less /home/cis/.npm/0b439cf4-less.lock
10 silly lockFile 0b439cf4-less less
11 silly lockFile 0b439cf4-less less
12 verbose addNamed [ 'less', '' ]
13 verbose addNamed [ null, '*' ]
14 silly lockFile e13833ab-less less@
15 verbose lock less@ /home/cis/.npm/e13833ab-less.lock
16 silly addNameRange { name: 'less', range: '*', hasData: false }
17 verbose request where is /less
18 verbose request registry https://registry.npmjs.org/
19 verbose request id 476b7ed886486470
20 verbose url raw /less
21 verbose url resolving [ 'https://registry.npmjs.org/', './less' ]
22 verbose url resolved https://registry.npmjs.org/less
23 verbose request where is https://registry.npmjs.org/less
24 info trying registry request attempt 1 at 08:59:01
25 verbose etag "479U5M03GOHF16UBL5YFA4E2H"
26 http GET https://registry.npmjs.org/less
27 http 304 https://registry.npmjs.org/less
28 silly registry.get cb [ 304,
28 silly registry.get   { date: 'Fri, 11 Sep 2015 13:59:01 GMT',
28 silly registry.get     via: '1.1 varnish',
28 silly registry.get     'cache-control': 'max-age=60',
28 silly registry.get     etag: '"479U5M03GOHF16UBL5YFA4E2H"',
28 silly registry.get     age: '57',
28 silly registry.get     connection: 'keep-alive',
28 silly registry.get     'x-served-by': 'cache-iad2135-IAD',
28 silly registry.get     'x-cache': 'HIT',
28 silly registry.get     'x-cache-hits': '2',
28 silly registry.get     'x-timer': 'S1441979941.424533,VS0,VE0',
28 silly registry.get     vary: 'Accept' } ]
29 verbose etag https://registry.npmjs.org/less from cache
30 silly addNameRange number 2 { name: 'less', range: '*', hasData: true }
31 silly addNameRange versions [ 'less',
31 silly addNameRange   [ '1.0.10',
31 silly addNameRange     '1.0.11',
31 silly addNameRange     '1.0.14',
31 silly addNameRange     '1.0.18',
31 silly addNameRange     '1.0.19',
31 silly addNameRange     '1.0.21',
31 silly addNameRange     '1.0.32',
31 silly addNameRange     '1.0.36',
31 silly addNameRange     '1.0.5',
31 silly addNameRange     '1.0.40',
31 silly addNameRange     '1.0.41',
31 silly addNameRange     '1.0.44',
31 silly addNameRange     '1.1.0',
31 silly addNameRange     '1.1.1',
31 silly addNameRange     '1.1.2',
31 silly addNameRange     '1.1.4',
31 silly addNameRange     '1.1.5',
31 silly addNameRange     '1.1.6',
31 silly addNameRange     '1.2.0',
31 silly addNameRange     '1.2.1',
31 silly addNameRange     '1.2.2',
31 silly addNameRange     '1.3.0',
31 silly addNameRange     '1.3.1',
31 silly addNameRange     '1.3.2',
31 silly addNameRange     '1.3.3',
31 silly addNameRange     '1.4.0-b1',
31 silly addNameRange     '1.4.0-b2',
31 silly addNameRange     '1.4.0-b3',
31 silly addNameRange     '1.4.0-b4',
31 silly addNameRange     '1.4.0',
31 silly addNameRange     '1.4.1',
31 silly addNameRange     '1.4.2',
31 silly addNameRange     '1.5.0-b1',
31 silly addNameRange     '1.5.0-b2',
31 silly addNameRange     '1.5.0-b3',
31 silly addNameRange     '1.5.0-b4',
31 silly addNameRange     '1.5.0',
31 silly addNameRange     '1.5.1',
31 silly addNameRange     '1.6.0',
31 silly addNameRange     '1.6.1',
31 silly addNameRange     '1.6.2',
31 silly addNameRange     '1.6.3',
31 silly addNameRange     '1.7.0',
31 silly addNameRange     '1.7.1',
31 silly addNameRange     '1.7.3',
31 silly addNameRange     '1.7.4',
31 silly addNameRange     '1.7.5',
31 silly addNameRange     '2.0.0-b1',
31 silly addNameRange     '2.0.0-b2',
31 silly addNameRange     '2.0.0-b3',
31 silly addNameRange     '2.0.0',
31 silly addNameRange     '2.1.0',
31 silly addNameRange     '2.1.1',
31 silly addNameRange     '2.1.2',
31 silly addNameRange     '2.2.0',
31 silly addNameRange     '2.3.0',
31 silly addNameRange     '2.3.1',
31 silly addNameRange     '2.4.0',
31 silly addNameRange     '2.5.0',
31 silly addNameRange     '2.5.1' ] ]
32 verbose addNamed [ 'less', '2.5.1' ]
33 verbose addNamed [ '2.5.1', '2.5.1' ]
34 silly lockFile 1cb10dbf-less-2-5-1 less@2.5.1
35 verbose lock less@2.5.1 /home/cis/.npm/1cb10dbf-less-2-5-1.lock
36 silly lockFile 1cb10dbf-less-2-5-1 less@2.5.1
37 silly lockFile 1cb10dbf-less-2-5-1 less@2.5.1
38 silly lockFile e13833ab-less less@
39 silly lockFile e13833ab-less less@
40 silly resolved [ { name: 'less',
40 silly resolved     version: '2.5.1',
40 silly resolved     description: 'Leaner CSS',
40 silly resolved     homepage: 'http://lesscss.org',
40 silly resolved     author: { name: 'Alexis Sellier', email: 'self@cloudhead.net' },
40 silly resolved     contributors: [ [Object] ],
40 silly resolved     bugs: { url: 'https://github.com/less/less.js/issues' },
40 silly resolved     repository: { type: 'git', url: 'https://github.com/less/less.js.git' },
40 silly resolved     license: 'Apache-2.0',
40 silly resolved     bin: { lessc: './bin/lessc' },
40 silly resolved     main: 'index',
40 silly resolved     directories: { test: './test' },
40 silly resolved     jam: { main: './dist/less.js' },
40 silly resolved     browser: './dist/less.js',
40 silly resolved     engines: { node: '>=0.10.0' },
40 silly resolved     scripts: { test: 'grunt test' },
40 silly resolved     optionalDependencies:
40 silly resolved      { errno: '^0.1.1',
40 silly resolved        'graceful-fs': '^3.0.5',
40 silly resolved        'image-size': '~0.3.5',
40 silly resolved        mime: '^1.2.11',
40 silly resolved        mkdirp: '^0.5.0',
40 silly resolved        promise: '^6.0.1',
40 silly resolved        request: '^2.51.0',
40 silly resolved        'source-map': '^0.4.2' },
40 silly resolved     devDependencies:
40 silly resolved      { diff: '^1.0',
40 silly resolved        grunt: '^0.4.5',
40 silly resolved        'grunt-contrib-clean': '^0.6.0',
40 silly resolved        'grunt-contrib-concat': '^0.5.0',
40 silly resolved        'grunt-contrib-connect': '^0.9.0',
40 silly resolved        'grunt-contrib-jasmine': '^0.8.2',
40 silly resolved        'grunt-contrib-jshint': '^0.11.0',
40 silly resolved        'grunt-contrib-uglify': '^0.8.0',
40 silly resolved        'grunt-jscs': '^1.6.0',
40 silly resolved        'grunt-shell': '^1.1.1',
40 silly resolved        'grunt-browserify': '~3.5.0',
40 silly resolved        'jit-grunt': '^0.9.1',
40 silly resolved        'time-grunt': '^1.0.0',
40 silly resolved        'grunt-saucelabs': '^8.3.2' },
40 silly resolved     keywords:
40 silly resolved      [ 'compile less',
40 silly resolved        'css nesting',
40 silly resolved        'css variable',
40 silly resolved        'css',
40 silly resolved        'gradients css',
40 silly resolved        'gradients css3',
40 silly resolved        'less compiler',
40 silly resolved        'less css',
40 silly resolved        'less mixins',
40 silly resolved        'less',
40 silly resolved        'less.js',
40 silly resolved        'lesscss',
40 silly resolved        'mixins',
40 silly resolved        'nested css',
40 silly resolved        'parser',
40 silly resolved        'preprocessor',
40 silly resolved        'bootstrap css',
40 silly resolved        'bootstrap less',
40 silly resolved        'style',
40 silly resolved        'styles',
40 silly resolved        'stylesheet',
40 silly resolved        'variables in css',
40 silly resolved        'css less' ],
40 silly resolved     gitHead: '59c012c16a71eca2fd9f354b8db8fffaa5e14d6d',
40 silly resolved     dependencies:
40 silly resolved      { errno: '^0.1.1',
40 silly resolved        'graceful-fs': '^3.0.5',
40 silly resolved        'image-size': '~0.3.5',
40 silly resolved        mime: '^1.2.11',
40 silly resolved        mkdirp: '^0.5.0',
40 silly resolved        promise: '^6.0.1',
40 silly resolved        request: '^2.51.0',
40 silly resolved        'source-map': '^0.4.2' },
40 silly resolved     _id: 'less@2.5.1',
40 silly resolved     _shasum: '8b489cc01d021e49360fd5ae03581896e722b726',
40 silly resolved     _from: 'less@',
40 silly resolved     _npmVersion: '2.7.4',
40 silly resolved     _nodeVersion: '0.12.2',
40 silly resolved     _npmUser: { name: 'agatronic', email: 'luke.a.page@gmail.com' },
40 silly resolved     dist:
40 silly resolved      { shasum: '8b489cc01d021e49360fd5ae03581896e722b726',
40 silly resolved        tarball: 'http://registry.npmjs.org/less/-/less-2.5.1.tgz' },
40 silly resolved     maintainers: [ [Object], [Object] ],
40 silly resolved     _resolved: 'https://registry.npmjs.org/less/-/less-2.5.1.tgz',
40 silly resolved     readme: 'ERROR: No README data found!' } ]
41 info install less@2.5.1 into /usr/lib
42 info installOne less@2.5.1
43 verbose lib/node_modules/less unbuild
44 verbose tar unpack /home/cis/.npm/less/2.5.1/package.tgz
45 silly lockFile c07f1dd4-tar-usr-lib-node-modules-less tar:///usr/lib/node_modules/less
46 verbose lock tar:///usr/lib/node_modules/less /home/cis/.npm/c07f1dd4-tar-usr-lib-node-modules-less.lock
47 silly lockFile 65dfb77e-e-cis-npm-less-2-5-1-package-tgz tar:///home/cis/.npm/less/2.5.1/package.tgz
48 verbose lock tar:///home/cis/.npm/less/2.5.1/package.tgz /home/cis/.npm/65dfb77e-e-cis-npm-less-2-5-1-package-tgz.lock
49 silly gunzTarPerm modes [ '775', '664' ]
50 error Error: EACCES, mkdir '/usr/lib/node_modules/less'
50 error  { [Error: EACCES, mkdir '/usr/lib/node_modules/less']
50 error   errno: 3,
50 error   code: 'EACCES',
50 error   path: '/usr/lib/node_modules/less',
50 error   fstream_type: 'Directory',
50 error   fstream_path: '/usr/lib/node_modules/less',
50 error   fstream_class: 'DirWriter',
50 error   fstream_stack:
50 error    [ '/usr/lib/node_modules/npm/node_modules/fstream/lib/dir-writer.js:36:23',
50 error      '/usr/lib/node_modules/npm/node_modules/mkdirp/index.js:46:53',
50 error      'Object.oncomplete (fs.js:108:15)' ] }
51 error Please try running this command again as root/Administrator.
52 error System Linux 3.19.0-26-generic
53 error command "/usr/bin/node" "/usr/bin/npm" "install" "-g" "less"
54 error cwd /home/cis/bootstrap
55 error node -v v0.10.37
56 error npm -v 1.4.28
57 error path /usr/lib/node_modules/less
58 error fstream_path /usr/lib/node_modules/less
59 error fstream_type Directory
60 error fstream_class DirWriter
61 error code EACCES
62 error errno 3
63 error stack Error: EACCES, mkdir '/usr/lib/node_modules/less'
64 error fstream_stack /usr/lib/node_modules/npm/node_modules/fstream/lib/dir-writer.js:36:23
64 error fstream_stack /usr/lib/node_modules/npm/node_modules/mkdirp/index.js:46:53
64 error fstream_stack Object.oncomplete (fs.js:108:15)
65 verbose exit [ 3, true ]
